Determining if the pthread_create exist failed with the following output:
Change Dir: /home/cezar/ros_ws/ORB_SLAM2/Examples/ROS/ORB_SLAM2/build/CMakeFiles/CMakeTmp

Run Build Command:"/usr/bin/make" "cmTC_043a7/fast"
/usr/bin/make -f CMakeFiles/cmTC_043a7.dir/build.make CMakeFiles/cmTC_043a7.dir/build
make[1]: se entra en el directorio '/home/cezar/ros_ws/ORB_SLAM2/Examples/ROS/ORB_SLAM2/build/CMakeFiles/CMakeTmp'
Building C object CMakeFiles/cmTC_043a7.dir/CheckSymbolExists.c.o
/usr/bin/cc     -o CMakeFiles/cmTC_043a7.dir/CheckSymbolExists.c.o   -c /home/cezar/ros_ws/ORB_SLAM2/Examples/ROS/ORB_SLAM2/build/CMakeFiles/CMakeTmp/CheckSymbolExists.c
Linking C executable cmTC_043a7
/usr/bin/cmake -E cmake_link_script CMakeFiles/cmTC_043a7.dir/link.txt --verbose=1
/usr/bin/cc       CMakeFiles/cmTC_043a7.dir/CheckSymbolExists.c.o  -o cmTC_043a7 -rdynamic 
CMakeFiles/cmTC_043a7.dir/CheckSymbolExists.c.o: En la funci√≥n `main':
CheckSymbolExists.c:(.text+0x16): referencia a `pthread_create' sin definir
collect2: error: ld returned 1 exit status
CMakeFiles/cmTC_043a7.dir/build.make:97: fallo en las instrucciones para el objetivo 'cmTC_043a7'
make[1]: *** [cmTC_043a7] Error 1
make[1]: se sale del directorio '/home/cezar/ros_ws/ORB_SLAM2/Examples/ROS/ORB_SLAM2/build/CMakeFiles/CMakeTmp'
Makefile:126: fallo en las instrucciones para el objetivo 'cmTC_043a7/fast'
make: *** [cmTC_043a7/fast] Error 2

File /home/cezar/ros_ws/ORB_SLAM2/Examples/ROS/ORB_SLAM2/build/CMakeFiles/CMakeTmp/CheckSymbolExists.c:
/* */
#include <pthread.h>

int main(int argc, char** argv)
{
  (void)argv;
#ifndef pthread_create
  return ((int*)(&pthread_create))[argc];
#else
  (void)argc;
  return 0;
#endif
}

Determining if the function pthread_create exists in the pthreads failed with the following output:
Change Dir: /home/cezar/ros_ws/ORB_SLAM2/Examples/ROS/ORB_SLAM2/build/CMakeFiles/CMakeTmp

Run Build Command:"/usr/bin/make" "cmTC_d7ffb/fast"
/usr/bin/make -f CMakeFiles/cmTC_d7ffb.dir/build.make CMakeFiles/cmTC_d7ffb.dir/build
make[1]: se entra en el directorio '/home/cezar/ros_ws/ORB_SLAM2/Examples/ROS/ORB_SLAM2/build/CMakeFiles/CMakeTmp'
Building C object CMakeFiles/cmTC_d7ffb.dir/CheckFunctionExists.c.o
/usr/bin/cc    -DCHECK_FUNCTION_EXISTS=pthread_create   -o CMakeFiles/cmTC_d7ffb.dir/CheckFunctionExists.c.o   -c /usr/share/cmake-3.5/Modules/CheckFunctionExists.c
Linking C executable cmTC_d7ffb
/usr/bin/cmake -E cmake_link_script CMakeFiles/cmTC_d7ffb.dir/link.txt --verbose=1
/usr/bin/cc   -DCHECK_FUNCTION_EXISTS=pthread_create    CMakeFiles/cmTC_d7ffb.dir/CheckFunctionExists.c.o  -o cmTC_d7ffb -rdynamic -lpthreads 
/usr/bin/ld: no se puede encontrar -lpthreads
collect2: error: ld returned 1 exit status
CMakeFiles/cmTC_d7ffb.dir/build.make:97: fallo en las instrucciones para el objetivo 'cmTC_d7ffb'
make[1]: *** [cmTC_d7ffb] Error 1
make[1]: se sale del directorio '/home/cezar/ros_ws/ORB_SLAM2/Examples/ROS/ORB_SLAM2/build/CMakeFiles/CMakeTmp'
Makefile:126: fallo en las instrucciones para el objetivo 'cmTC_d7ffb/fast'
make: *** [cmTC_d7ffb/fast] Error 2


